This file contains any messages produced by compilers while
running configure, to aid debugging if configure makes a mistake.

It was created by mesos configure 1.11.0, which was
generated by GNU Autoconf 2.69.  Invocation command line was

  $ ./configure SASL_PATH=/usr/local/lib/sasl2

## --------- ##
## Platform. ##
## --------- ##

hostname = pop-os
uname -m = x86_64
uname -r = 5.4.0-7634-generic
uname -s = Linux
uname -v = #38~1592497129~20.04~9a1ea2e-Ubuntu SMP Fri Jun 19 22:43:37 UTC 

/usr/bin/uname -p = x86_64
/bin/uname -X     = unknown

/bin/arch              = x86_64
/usr/bin/arch -k       = unknown
/usr/convex/getsysinfo = unknown
/usr/bin/hostinfo      = unknown
/bin/machine           = unknown
/usr/bin/oslevel       = unknown
/bin/universe          = unknown

PATH: /usr/local/sbin
PATH: /usr/local/bin
PATH: /usr/sbin
PATH: /usr/bin
PATH: /sbin
PATH: /bin
PATH: /usr/games
PATH: /usr/local/games


## ----------- ##
## Core tests. ##
## ----------- ##

configure:3006: checking build system type
configure:3020: result: x86_64-pc-linux-gnu
configure:3040: checking host system type
configure:3053: result: x86_64-pc-linux-gnu
configure:3074: checking target system type
configure:3087: result: x86_64-pc-linux-gnu
configure:3212: checking for g++
configure:3228: found /usr/bin/g++
configure:3239: result: g++
configure:3266: checking for C++ compiler version
configure:3275: g++ --version >&5
g++ (Ubuntu 9.3.0-10ubuntu2) 9.3.0
Copyright (C) 2019 Free Software Foundation, Inc.
This is free software; see the source for copying conditions.  There is NO
warranty; not even for MERCHANTABILITY or FITNESS FOR A PARTICULAR PURPOSE.

configure:3286: $? = 0
configure:3275: g++ -v >&5
Using built-in specs.
COLLECT_GCC=g++
COLLECT_LTO_WRAPPER=/usr/lib/gcc/x86_64-linux-gnu/9/lto-wrapper
OFFLOAD_TARGET_NAMES=nvptx-none:hsa
OFFLOAD_TARGET_DEFAULT=1
Target: x86_64-linux-gnu
Configured with: ../src/configure -v --with-pkgversion='Ubuntu 9.3.0-10ubuntu2' --with-bugurl=file:///usr/share/doc/gcc-9/README.Bugs --enable-languages=c,ada,c++,go,brig,d,fortran,objc,obj-c++,gm2 --prefix=/usr --with-gcc-major-version-only --program-suffix=-9 --program-prefix=x86_64-linux-gnu- --enable-shared --enable-linker-build-id --libexecdir=/usr/lib --without-included-gettext --enable-threads=posix --libdir=/usr/lib --enable-nls --enable-clocale=gnu --enable-libstdcxx-debug --enable-libstdcxx-time=yes --with-default-libstdcxx-abi=new --enable-gnu-unique-object --disable-vtable-verify --enable-plugin --enable-default-pie --with-system-zlib --with-target-system-zlib=auto --enable-objc-gc=auto --enable-multiarch --disable-werror --with-arch-32=i686 --with-abi=m64 --with-multilib-list=m32,m64,mx32 --enable-multilib --with-tune=generic --enable-offload-targets=nvptx-none,hsa --without-cuda-driver --enable-checking=release --build=x86_64-linux-gnu --host=x86_64-linux-gnu --target=x86_64-linux-gnu
Thread model: posix
gcc version 9.3.0 (Ubuntu 9.3.0-10ubuntu2) 
configure:3286: $? = 0
configure:3275: g++ -V >&5
g++: error: unrecognized command line option '-V'
g++: fatal error: no input files
compilation terminated.
configure:3286: $? = 1
configure:3275: g++ -qversion >&5
g++: error: unrecognized command line option '-qversion'; did you mean '--version'?
g++: fatal error: no input files
compilation terminated.
configure:3286: $? = 1
configure:3306: checking whether the C++ compiler works
configure:3328: g++    conftest.cpp  >&5
configure:3332: $? = 0
configure:3380: result: yes
configure:3383: checking for C++ compiler default output file name
configure:3385: result: a.out
configure:3391: checking for suffix of executables
configure:3398: g++ -o conftest    conftest.cpp  >&5
configure:3402: $? = 0
configure:3424: result: 
configure:3446: checking whether we are cross compiling
configure:3454: g++ -o conftest    conftest.cpp  >&5
configure:3458: $? = 0
configure:3465: ./conftest
configure:3469: $? = 0
configure:3457: result: no
configure:3462: checking for suffix of object files
configure:3484: g++ -c   conftest.cpp >&5
configure:3488: $? = 0
configure:3509: result: o
configure:3513: checking whether we are using the GNU C++ compiler
configure:3532: g++ -c   conftest.cpp >&5
configure:3532: $? = 0
configure:3541: result: yes
configure:3550: checking whether g++ accepts -g
configure:3570: g++ -c -g  conftest.cpp >&5
configure:3570: $? = 0
configure:3611: result: yes
configure:3688: checking for gcc
configure:3704: found /usr/bin/gcc
configure:3715: result: gcc
configure:3746: checking for C compiler version
configure:3755: gcc --version >&5
gcc (Ubuntu 9.3.0-10ubuntu2) 9.3.0
Copyright (C) 2019 Free Software Foundation, Inc.
This is free software; see the source for copying conditions.  There is NO
warranty; not even for MERCHANTABILITY or FITNESS FOR A PARTICULAR PURPOSE.

configure:3766: $? = 0
configure:3755: gcc -v >&5
Using built-in specs.
COLLECT_GCC=gcc
COLLECT_LTO_WRAPPER=/usr/lib/gcc/x86_64-linux-gnu/9/lto-wrapper
OFFLOAD_TARGET_NAMES=nvptx-none:hsa
OFFLOAD_TARGET_DEFAULT=1
Target: x86_64-linux-gnu
Configured with: ../src/configure -v --with-pkgversion='Ubuntu 9.3.0-10ubuntu2' --with-bugurl=file:///usr/share/doc/gcc-9/README.Bugs --enable-languages=c,ada,c++,go,brig,d,fortran,objc,obj-c++,gm2 --prefix=/usr --with-gcc-major-version-only --program-suffix=-9 --program-prefix=x86_64-linux-gnu- --enable-shared --enable-linker-build-id --libexecdir=/usr/lib --without-included-gettext --enable-threads=posix --libdir=/usr/lib --enable-nls --enable-clocale=gnu --enable-libstdcxx-debug --enable-libstdcxx-time=yes --with-default-libstdcxx-abi=new --enable-gnu-unique-object --disable-vtable-verify --enable-plugin --enable-default-pie --with-system-zlib --with-target-system-zlib=auto --enable-objc-gc=auto --enable-multiarch --disable-werror --with-arch-32=i686 --with-abi=m64 --with-multilib-list=m32,m64,mx32 --enable-multilib --with-tune=generic --enable-offload-targets=nvptx-none,hsa --without-cuda-driver --enable-checking=release --build=x86_64-linux-gnu --host=x86_64-linux-gnu --target=x86_64-linux-gnu
Thread model: posix
gcc version 9.3.0 (Ubuntu 9.3.0-10ubuntu2) 
configure:3766: $? = 0
configure:3755: gcc -V >&5
gcc: error: unrecognized command line option '-V'
gcc: fatal error: no input files
compilation terminated.
configure:3766: $? = 1
configure:3755: gcc -qversion >&5
gcc: error: unrecognized command line option '-qversion'; did you mean '--version'?
gcc: fatal error: no input files
compilation terminated.
configure:3766: $? = 1
configure:3770: checking whether we are using the GNU C compiler
configure:3789: gcc -c   conftest.c >&5
configure:3789: $? = 0
configure:3798: result: yes
configure:3807: checking whether gcc accepts -g
configure:3827: gcc -c -g  conftest.c >&5
configure:3827: $? = 0
configure:3868: result: yes
configure:3885: checking for gcc option to accept ISO C89
configure:3948: gcc  -c -g -O2  conftest.c >&5
configure:3948: $? = 0
configure:3961: result: none needed
configure:3989: checking whether gcc understands -c and -o together
configure:4011: gcc -c conftest.c -o conftest2.o
configure:4014: $? = 0
configure:4011: gcc -c conftest.c -o conftest2.o
configure:4014: $? = 0
configure:4026: result: yes
configure:4044: checking whether ln -s works
configure:4048: result: yes
configure:4057: checking for C++ compiler vendor
configure:4104: g++ -c -g -O2  conftest.cpp >&5
conftest.cpp: In function 'int main()':
conftest.cpp:15:9: error: 'thisisanerror' was not declared in this scope
   15 |         thisisanerror;
      |         ^~~~~~~~~~~~~
configure:4104: $? = 1
configure: failed program was:
| /* confdefs.h */
| #define PACKAGE_NAME "mesos"
| #define PACKAGE_TARNAME "mesos"
| #define PACKAGE_VERSION "1.11.0"
| #define PACKAGE_STRING "mesos 1.11.0"
| #define PACKAGE_BUGREPORT ""
| #define PACKAGE_URL ""
| /* end confdefs.h.  */
| 
| int
| main ()
| {
| 
|       #if !(defined(__ICC) || defined(__ECC) || defined(__INTEL_COMPILER))
|         thisisanerror;
|       #endif
| 
|   ;
|   return 0;
| }
configure:4104: g++ -c -g -O2  conftest.cpp >&5
conftest.cpp: In function 'int main()':
conftest.cpp:15:9: error: 'thisisanerror' was not declared in this scope
   15 |         thisisanerror;
      |         ^~~~~~~~~~~~~
configure:4104: $? = 1
configure: failed program was:
| /* confdefs.h */
| #define PACKAGE_NAME "mesos"
| #define PACKAGE_TARNAME "mesos"
| #define PACKAGE_VERSION "1.11.0"
| #define PACKAGE_STRING "mesos 1.11.0"
| #define PACKAGE_BUGREPORT ""
| #define PACKAGE_URL ""
| /* end confdefs.h.  */
| 
| int
| main ()
| {
| 
|       #if !(defined(__xlc__) || defined(__xlC__) || defined(__IBMC__) || defined(__IBMCPP__))
|         thisisanerror;
|       #endif
| 
|   ;
|   return 0;
| }
configure:4104: g++ -c -g -O2  conftest.cpp >&5
conftest.cpp: In function 'int main()':
conftest.cpp:15:9: error: 'thisisanerror' was not declared in this scope
   15 |         thisisanerror;
      |         ^~~~~~~~~~~~~
configure:4104: $? = 1
configure: failed program was:
| /* confdefs.h */
| #define PACKAGE_NAME "mesos"
| #define PACKAGE_TARNAME "mesos"
| #define PACKAGE_VERSION "1.11.0"
| #define PACKAGE_STRING "mesos 1.11.0"
| #define PACKAGE_BUGREPORT ""
| #define PACKAGE_URL ""
| /* end confdefs.h.  */
| 
| int
| main ()
| {
| 
|       #if !(defined(__PATHCC__) || defined(__PATHSCALE__))
|         thisisanerror;
|       #endif
| 
|   ;
|   return 0;
| }
configure:4104: g++ -c -g -O2  conftest.cpp >&5
conftest.cpp: In function 'int main()':
conftest.cpp:15:9: error: 'thisisanerror' was not declared in this scope
   15 |         thisisanerror;
      |         ^~~~~~~~~~~~~
configure:4104: $? = 1
configure: failed program was:
| /* confdefs.h */
| #define PACKAGE_NAME "mesos"
| #define PACKAGE_TARNAME "mesos"
| #define PACKAGE_VERSION "1.11.0"
| #define PACKAGE_STRING "mesos 1.11.0"
| #define PACKAGE_BUGREPORT ""
| #define PACKAGE_URL ""
| /* end confdefs.h.  */
| 
| int
| main ()
| {
| 
|       #if !(defined(__clang__))
|         thisisanerror;
|       #endif
| 
|   ;
|   return 0;
| }
configure:4104: g++ -c -g -O2  conftest.cpp >&5
conftest.cpp: In function 'int main()':
conftest.cpp:15:9: error: 'thisisanerror' was not declared in this scope
   15 |         thisisanerror;
      |         ^~~~~~~~~~~~~
configure:4104: $? = 1
configure: failed program was:
| /* confdefs.h */
| #define PACKAGE_NAME "mesos"
| #define PACKAGE_TARNAME "mesos"
| #define PACKAGE_VERSION "1.11.0"
| #define PACKAGE_STRING "mesos 1.11.0"
| #define PACKAGE_BUGREPORT ""
| #define PACKAGE_URL ""
| /* end confdefs.h.  */
| 
| int
| main ()
| {
| 
|       #if !(defined(_CRAYC))
|         thisisanerror;
|       #endif
| 
|   ;
|   return 0;
| }
configure:4104: g++ -c -g -O2  conftest.cpp >&5
conftest.cpp: In function 'int main()':
conftest.cpp:15:9: error: 'thisisanerror' was not declared in this scope
   15 |         thisisanerror;
      |         ^~~~~~~~~~~~~
configure:4104: $? = 1
configure: failed program was:
| /* confdefs.h */
| #define PACKAGE_NAME "mesos"
| #define PACKAGE_TARNAME "mesos"
| #define PACKAGE_VERSION "1.11.0"
| #define PACKAGE_STRING "mesos 1.11.0"
| #define PACKAGE_BUGREPORT ""
| #define PACKAGE_URL ""
| /* end confdefs.h.  */
| 
| int
| main ()
| {
| 
|       #if !(defined(__FUJITSU))
|         thisisanerror;
|       #endif
| 
|   ;
|   return 0;
| }
configure:4104: g++ -c -g -O2  conftest.cpp >&5
configure:4104: $? = 0
configure:4112: result: gnu
configure:4115: checking for a sed that does not truncate output
configure:4179: result: /usr/bin/sed
configure:4186: checking for C++ compiler version
configure:4408: g++ -o conftest -g -O2   conftest.cpp  >&5
configure:4408: $? = 0
configure:4408: ./conftest
configure:4408: $? = 0
configure:4417: g++ -o conftest -g -O2   conftest.cpp  >&5
configure:4417: $? = 0
configure:4417: ./conftest
configure:4417: $? = 0
configure:4426: g++ -o conftest -g -O2   conftest.cpp  >&5
configure:4426: $? = 0
configure:4426: ./conftest
configure:4426: $? = 0
configure:5091: result: 9.3.0
configure:5094: checking for C++ compiler vendor
configure:5149: result: gnu
configure:5174: checking for a BSD-compatible install
configure:5242: result: /usr/bin/install -c
configure:5253: checking whether build environment is sane
configure:5308: result: yes
configure:5454: checking for a thread-safe mkdir -p
configure:5493: result: /usr/bin/mkdir -p
configure:5500: checking for gawk
configure:5530: result: no
configure:5500: checking for mawk
configure:5516: found /usr/bin/mawk
configure:5527: result: mawk
configure:5538: checking whether make sets $(MAKE)
configure:5560: result: yes
configure:5582: checking whether make supports the include directive
configure:5597: make -f confmf.GNU && cat confinc.out
this is the am__doit target
configure:5600: $? = 0
configure:5619: result: yes (GNU style)
configure:5652: checking whether make supports nested variables
configure:5669: result: yes
configure:5748: checking how to create a pax tar archive
configure:5759: tar --version
tar (GNU tar) 1.30
Copyright (C) 2017 Free Software Foundation, Inc.
License GPLv3+: GNU GPL version 3 or later <https://gnu.org/licenses/gpl.html>.
This is free software: you are free to change and redistribute it.
There is NO WARRANTY, to the extent permitted by law.

Written by John Gilmore and Jay Fenlason.
configure:5762: $? = 0
configure:5802: tardir=conftest.dir && eval tar --format=posix -chf - "$tardir" >conftest.tar
configure:5805: $? = 0
configure:5809: tar -xf - <conftest.tar
configure:5812: $? = 0
configure:5814: cat conftest.dir/file
GrepMe
configure:5817: $? = 0
configure:5830: result: gnutar
configure:5839: checking dependency style of gcc
configure:5950: result: gcc3
configure:5967: checking dependency style of g++
configure:6078: result: gcc3
configure:6137: checking whether to enable maintainer-specific portions of Makefiles
configure:6146: result: yes
configure:6211: checking for ar
configure:6227: found /usr/bin/ar
configure:6238: result: ar
configure:6264: checking the archiver (ar) interface
configure:6280: gcc -c -g -O2  conftest.c >&5
configure:6280: $? = 0
configure:6282: ar cru libconftest.a conftest.o >&5
ar: `u' modifier ignored since `D' is the default (see `U')
configure:6285: $? = 0
configure:6284: result: ar
configure:6354: checking how to print strings
configure:6381: result: printf
configure:6402: checking for a sed that does not truncate output
configure:6466: result: /usr/bin/sed
configure:6484: checking for grep that handles long lines and -e
configure:6542: result: /usr/bin/grep
configure:6547: checking for egrep
configure:6609: result: /usr/bin/grep -E
configure:6614: checking for fgrep
configure:6676: result: /usr/bin/grep -F
configure:6711: checking for ld used by gcc
configure:6778: result: /usr/bin/ld
configure:6785: checking if the linker (/usr/bin/ld) is GNU ld
configure:6800: result: yes
configure:6812: checking for BSD- or MS-compatible name lister (nm)
configure:6866: result: /usr/bin/nm -B
configure:6996: checking the name lister (/usr/bin/nm -B) interface
configure:7003: g++ -c -g -O2  conftest.cpp >&5
configure:7006: /usr/bin/nm -B "conftest.o"
configure:7009: output
0000000000000000 B some_variable
configure:7010: result: BSD nm
configure:7014: checking the maximum length of command line arguments
configure:7145: result: 1572864
configure:7193: checking how to convert x86_64-pc-linux-gnu file names to x86_64-pc-linux-gnu format
configure:7233: result: func_convert_file_noop
configure:7240: checking how to convert x86_64-pc-linux-gnu file names to toolchain format
configure:7260: result: func_convert_file_noop
configure:7267: checking for /usr/bin/ld option to reload object files
configure:7274: result: -r
configure:7348: checking for objdump
configure:7364: found /usr/bin/objdump
configure:7375: result: objdump
configure:7407: checking how to recognize dependent libraries
configure:7607: result: pass_all
configure:7692: checking for dlltool
configure:7722: result: no
configure:7752: checking how to associate runtime and link libraries
configure:7779: result: printf %s\n
configure:7903: checking for archiver @FILE support
configure:7920: g++ -c -g -O2  conftest.cpp >&5
configure:7920: $? = 0
configure:7923: ar cr libconftest.a @conftest.lst >&5
configure:7926: $? = 0
configure:7931: ar cr libconftest.a @conftest.lst >&5
ar: conftest.o: No such file or directory
configure:7934: $? = 1
configure:7933: result: @
configure:7991: checking for strip
configure:8007: found /usr/bin/strip
configure:8018: result: strip
configure:8090: checking for ranlib
configure:8106: found /usr/bin/ranlib
configure:8117: result: ranlib
configure:8219: checking command to parse /usr/bin/nm -B output from gcc object
configure:8372: g++ -c -g -O2  conftest.cpp >&5
configure:8375: $? = 0
configure:8379: /usr/bin/nm -B conftest.o | sed -n -e 's/^.*[	 ]\([ABCDGIRSTW][ABCDGIRSTW]*\)[	 ][	 ]*\([_A-Za-z][_A-Za-z0-9]*\)$/\1 \2 \2/p' | sed '/ __gnu_lto/d' > conftest.nm
configure:8445: g++ -o conftest -g -O2   conftest.cpp conftstm.o >&5
configure:8448: $? = 0
configure:8486: result: ok
configure:8533: checking for sysroot
configure:8563: result: no
configure:8570: checking for a working dd
configure:8608: result: /usr/bin/dd
configure:8612: checking how to truncate binary pipes
configure:8627: result: /usr/bin/dd bs=4096 count=1
configure:8763: g++ -c -g -O2  conftest.cpp >&5
configure:8766: $? = 0
configure:8956: checking for mt
configure:8972: found /usr/bin/mt
configure:8983: result: mt
configure:9006: checking if mt is a manifest tool
configure:9012: mt '-?'
configure:9020: result: no
configure:9697: checking how to run the C preprocessor
configure:9728: gcc -E  conftest.c
configure:9728: $? = 0
configure:9742: gcc -E  conftest.c
conftest.c:11:10: fatal error: ac_nonexistent.h: No such file or directory
   11 | #include <ac_nonexistent.h>
      |          ^~~~~~~~~~~~~~~~~~
compilation terminated.
configure:9742: $? = 1
configure: failed program was:
| /* confdefs.h */
| #define PACKAGE_NAME "mesos"
| #define PACKAGE_TARNAME "mesos"
| #define PACKAGE_VERSION "1.11.0"
| #define PACKAGE_STRING "mesos 1.11.0"
| #define PACKAGE_BUGREPORT ""
| #define PACKAGE_URL ""
| #define PACKAGE "mesos"
| #define VERSION "1.11.0"
| /* end confdefs.h.  */
| #include <ac_nonexistent.h>
configure:9767: result: gcc -E
configure:9787: gcc -E  conftest.c
configure:9787: $? = 0
configure:9801: gcc -E  conftest.c
conftest.c:11:10: fatal error: ac_nonexistent.h: No such file or directory
   11 | #include <ac_nonexistent.h>
      |          ^~~~~~~~~~~~~~~~~~
compilation terminated.
configure:9801: $? = 1
configure: failed program was:
| /* confdefs.h */
| #define PACKAGE_NAME "mesos"
| #define PACKAGE_TARNAME "mesos"
| #define PACKAGE_VERSION "1.11.0"
| #define PACKAGE_STRING "mesos 1.11.0"
| #define PACKAGE_BUGREPORT ""
| #define PACKAGE_URL ""
| #define PACKAGE "mesos"
| #define VERSION "1.11.0"
| /* end confdefs.h.  */
| #include <ac_nonexistent.h>
configure:9830: checking for ANSI C header files
configure:9850: gcc -c -g -O2  conftest.c >&5
configure:9850: $? = 0
configure:9923: gcc -o conftest -g -O2   conftest.c  >&5
configure:9923: $? = 0
configure:9923: ./conftest
configure:9923: $? = 0
configure:9934: result: yes
configure:9947: checking for sys/types.h
configure:9947: gcc -c -g -O2  conftest.c >&5
configure:9947: $? = 0
configure:9947: result: yes
configure:9947: checking for sys/stat.h
configure:9947: gcc -c -g -O2  conftest.c >&5
configure:9947: $? = 0
configure:9947: result: yes
configure:9947: checking for stdlib.h
configure:9947: gcc -c -g -O2  conftest.c >&5
configure:9947: $? = 0
configure:9947: result: yes
configure:9947: checking for string.h
configure:9947: gcc -c -g -O2  conftest.c >&5
configure:9947: $? = 0
configure:9947: result: yes
configure:9947: checking for memory.h
configure:9947: gcc -c -g -O2  conftest.c >&5
configure:9947: $? = 0
configure:9947: result: yes
configure:9947: checking for strings.h
configure:9947: gcc -c -g -O2  conftest.c >&5
configure:9947: $? = 0
configure:9947: result: yes
configure:9947: checking for inttypes.h
configure:9947: gcc -c -g -O2  conftest.c >&5
configure:9947: $? = 0
configure:9947: result: yes
configure:9947: checking for stdint.h
configure:9947: gcc -c -g -O2  conftest.c >&5
configure:9947: $? = 0
configure:9947: result: yes
configure:9947: checking for unistd.h
configure:9947: gcc -c -g -O2  conftest.c >&5
configure:9947: $? = 0
configure:9947: result: yes
configure:9961: checking for dlfcn.h
configure:9961: gcc -c -g -O2  conftest.c >&5
configure:9961: $? = 0
configure:9961: result: yes
configure:10197: checking for objdir
configure:10212: result: .libs
configure:10476: checking if gcc supports -fno-rtti -fno-exceptions
configure:10494: gcc -c -g -O2  -fno-rtti -fno-exceptions conftest.c >&5
cc1: warning: command line option '-fno-rtti' is valid for C++/D/ObjC++ but not for C
configure:10498: $? = 0
configure:10511: result: no
configure:10875: checking for gcc option to produce PIC
configure:10882: result: -fPIC -DPIC
configure:10890: checking if gcc PIC flag -fPIC -DPIC works
configure:10908: gcc -c -g -O2  -fPIC -DPIC -DPIC conftest.c >&5
configure:10912: $? = 0
configure:10925: result: yes
configure:10954: checking if gcc static flag -static works
configure:10982: result: yes
configure:10997: checking if gcc supports -c -o file.o
configure:11018: gcc -c -g -O2  -o out/conftest2.o conftest.c >&5
configure:11022: $? = 0
configure:11044: result: yes
configure:11052: checking if gcc supports -c -o file.o
configure:11099: result: yes
configure:11132: checking whether the gcc linker (/usr/bin/ld -m elf_x86_64) supports shared libraries
configure:12395: result: yes
configure:12432: checking whether -lc should be explicitly linked in
configure:12440: gcc -c -g -O2  conftest.c >&5
configure:12443: $? = 0
configure:12458: gcc -shared  -fPIC -DPIC conftest.o  -v -Wl,-soname -Wl,conftest -o conftest 2\>\&1 \| /usr/bin/grep  -lc  \>/dev/null 2\>\&1
configure:12461: $? = 0
configure:12475: result: no
configure:12635: checking dynamic linker characteristics
configure:13216: gcc -o conftest -g -O2   -Wl,-rpath -Wl,/foo conftest.c  >&5
configure:13216: $? = 0
configure:13465: result: GNU/Linux ld.so
configure:13587: checking how to hardcode library paths into programs
configure:13612: result: immediate
configure:14160: checking whether stripping libraries is possible
configure:14165: result: yes
configure:14200: checking if libtool supports shared libraries
configure:14202: result: yes
configure:14205: checking whether to build shared libraries
configure:14230: result: yes
configure:14233: checking whether to build static libraries
configure:14237: result: no
configure:11036: checking how to run the C++ preprocessor
configure:11063: g++ -E  conftest.cpp
configure:11063: $? = 0
configure:11077: g++ -E  conftest.cpp
conftest.cpp:23:10: fatal error: ac_nonexistent.h: No such file or directory
   23 | #include <ac_nonexistent.h>
      |          ^~~~~~~~~~~~~~~~~~
compilation terminated.
configure:11077: $? = 1
configure: failed program was:
| /* confdefs.h */
| #define PACKAGE_NAME "mesos"
| #define PACKAGE_TARNAME "mesos"
| #define PACKAGE_VERSION "1.11.0"
| #define PACKAGE_STRING "mesos 1.11.0"
| #define PACKAGE_BUGREPORT ""
| #define PACKAGE_URL ""
| #define PACKAGE "mesos"
| #define VERSION "1.11.0"
| #define STDC_HEADERS 1
| #define HAVE_SYS_TYPES_H 1
| #define HAVE_SYS_STAT_H 1
| #define HAVE_STDLIB_H 1
| #define HAVE_STRING_H 1
| #define HAVE_MEMORY_H 1
| #define HAVE_STRINGS_H 1
| #define HAVE_INTTYPES_H 1
| #define HAVE_STDINT_H 1
| #define HAVE_UNISTD_H 1
| #define HAVE_DLFCN_H 1
| #define LT_OBJDIR ".libs/"
| /* end confdefs.h.  */
| #include <ac_nonexistent.h>
configure:11102: result: g++ -E
configure:11122: g++ -E  conftest.cpp
configure:11122: $? = 0
configure:11136: g++ -E  conftest.cpp
conftest.cpp:23:10: fatal error: ac_nonexistent.h: No such file or directory
   23 | #include <ac_nonexistent.h>
      |          ^~~~~~~~~~~~~~~~~~
compilation terminated.
configure:11136: $? = 1
configure: failed program was:
| /* confdefs.h */
| #define PACKAGE_NAME "mesos"
| #define PACKAGE_TARNAME "mesos"
| #define PACKAGE_VERSION "1.11.0"
| #define PACKAGE_STRING "mesos 1.11.0"
| #define PACKAGE_BUGREPORT ""
| #define PACKAGE_URL ""
| #define PACKAGE "mesos"
| #define VERSION "1.11.0"
| #define STDC_HEADERS 1
| #define HAVE_SYS_TYPES_H 1
| #define HAVE_SYS_STAT_H 1
| #define HAVE_STDLIB_H 1
| #define HAVE_STRING_H 1
| #define HAVE_MEMORY_H 1
| #define HAVE_STRINGS_H 1
| #define HAVE_INTTYPES_H 1
| #define HAVE_STDINT_H 1
| #define HAVE_UNISTD_H 1
| #define HAVE_DLFCN_H 1
| #define LT_OBJDIR ".libs/"
| /* end confdefs.h.  */
| #include <ac_nonexistent.h>
configure:11298: checking for ld used by g++
configure:11365: result: /usr/bin/ld -m elf_x86_64
configure:11372: checking if the linker (/usr/bin/ld -m elf_x86_64) is GNU ld
configure:11387: result: yes
configure:11442: checking whether the g++ linker (/usr/bin/ld -m elf_x86_64) supports shared libraries
configure:12515: result: yes
configure:12551: g++ -c -g -O2  conftest.cpp >&5
configure:12554: $? = 0
configure:13035: checking for g++ option to produce PIC
configure:13042: result: -fPIC -DPIC
configure:13050: checking if g++ PIC flag -fPIC -DPIC works
configure:13068: g++ -c -g -O2  -fPIC -DPIC -DPIC conftest.cpp >&5
configure:13072: $? = 0
configure:13085: result: yes
configure:13108: checking if g++ static flag -static works
configure:13136: result: yes
configure:13148: checking if g++ supports -c -o file.o
configure:13169: g++ -c -g -O2  -o out/conftest2.o conftest.cpp >&5
configure:13173: $? = 0
configure:13195: result: yes
configure:13200: checking if g++ supports -c -o file.o
configure:13247: result: yes
configure:13277: checking whether the g++ linker (/usr/bin/ld -m elf_x86_64) supports shared libraries
configure:13320: result: yes
configure:13461: checking dynamic linker characteristics
configure:14218: result: GNU/Linux ld.so
configure:14283: checking how to hardcode library paths into programs
configure:14308: result: immediate
configure:13202: creating ./config.lt

## ------------------ ##
## Running config.lt. ##
## ------------------ ##
config.lt:679: creating libtool
configure:15425: checking whether to enable GC of unused sections
configure:15427: result: no
configure:15612: Setting up CXXFLAGS for g++ version >= 4.8
configure:15637: checking whether C++ compiler accepts -fstack-protector-strong
configure:15656: g++ -c -g1 -O0 -Wno-unused-local-typedefs  -fstack-protector-strong  conftest.cpp >&5
configure:15656: $? = 0
configure:15664: result: yes
configure:15684: checking whether g++ supports C++11 features by default
configure:15978: g++ -c -g1 -O0 -Wno-unused-local-typedefs  conftest.cpp >&5
configure:15978: $? = 0
configure:15985: result: yes
configure:15995: checking whether g++ supports C++11 features with -std=c++11
configure:16291: g++ -c -g1 -O0 -Wno-unused-local-typedefs -std=c++11  conftest.cpp >&5
configure:16291: $? = 0
configure:16300: result: yes
configure:16358: g++ -c -g1 -O0 -Wno-unused-local-typedefs -std=c++11  conftest.cpp >&5
configure:16358: $? = 0
configure:16545: checking if compiler needs -Werror to reject unknown flags
configure:16561: gcc -c -g1 -O0 -Wno-unused-local-typedefs -Werror -Wunknown-warning-option -Wsizeof-array-argument  conftest.c >&5
gcc: error: unrecognized command line option '-Wunknown-warning-option'
configure:16561: $? = 1
configure: failed program was:
| /* confdefs.h */
| #define PACKAGE_NAME "mesos"
| #define PACKAGE_TARNAME "mesos"
| #define PACKAGE_VERSION "1.11.0"
| #define PACKAGE_STRING "mesos 1.11.0"
| #define PACKAGE_BUGREPORT ""
| #define PACKAGE_URL ""
| #define PACKAGE "mesos"
| #define VERSION "1.11.0"
| #define STDC_HEADERS 1
| #define HAVE_SYS_TYPES_H 1
| #define HAVE_SYS_STAT_H 1
| #define HAVE_STDLIB_H 1
| #define HAVE_STRING_H 1
| #define HAVE_MEMORY_H 1
| #define HAVE_STRINGS_H 1
| #define HAVE_INTTYPES_H 1
| #define HAVE_STDINT_H 1
| #define HAVE_UNISTD_H 1
| #define HAVE_DLFCN_H 1
| #define LT_OBJDIR ".libs/"
| #define HAVE_CXX11 1
| /* end confdefs.h.  */
| int foo();
| int
| main ()
| {
| foo()
|   ;
|   return 0;
| }
configure:16566: result: no
configure:16632: checking for the pthreads library -lpthreads
configure:16670: gcc -o conftest -g1 -O0 -Wno-unused-local-typedefs     conftest.c -lpthreads  >&5
/usr/bin/ld: cannot find -lpthreads
collect2: error: ld returned 1 exit status
configure:16670: $? = 1
configure: failed program was:
| /* confdefs.h */
| #define PACKAGE_NAME "mesos"
| #define PACKAGE_TARNAME "mesos"
| #define PACKAGE_VERSION "1.11.0"
| #define PACKAGE_STRING "mesos 1.11.0"
| #define PACKAGE_BUGREPORT ""
| #define PACKAGE_URL ""
| #define PACKAGE "mesos"
| #define VERSION "1.11.0"
| #define STDC_HEADERS 1
| #define HAVE_SYS_TYPES_H 1
| #define HAVE_SYS_STAT_H 1
| #define HAVE_STDLIB_H 1
| #define HAVE_STRING_H 1
| #define HAVE_MEMORY_H 1
| #define HAVE_STRINGS_H 1
| #define HAVE_INTTYPES_H 1
| #define HAVE_STDINT_H 1
| #define HAVE_UNISTD_H 1
| #define HAVE_DLFCN_H 1
| #define LT_OBJDIR ".libs/"
| #define HAVE_CXX11 1
| /* end confdefs.h.  */
| #include <pthread.h>
|                         static void routine(void *a) { a = 0; }
|                         static void *start_routine(void *a) { return a; }
| int
| main ()
| {
| pthread_t th; pthread_attr_t attr;
|                         pthread_create(&th, 0, start_routine, 0);
|                         pthread_join(th, 0);
|                         pthread_attr_init(&attr);
|                         pthread_cleanup_push(routine, 0);
|                         pthread_cleanup_pop(0) /* ; */
|   ;
|   return 0;
| }
configure:16679: result: no
configure:16577: checking whether pthreads work without any flags
configure:16670: gcc -o conftest -g1 -O0 -Wno-unused-local-typedefs     conftest.c   >&5
/usr/bin/ld: /tmp/ccHsaPmY.o: in function `main':
/home/zulf/mesos/conftest.c:31: undefined reference to `pthread_create'
/usr/bin/ld: /home/zulf/mesos/conftest.c:32: undefined reference to `pthread_join'
/usr/bin/ld: /home/zulf/mesos/conftest.c:34: undefined reference to `__pthread_register_cancel'
/usr/bin/ld: /home/zulf/mesos/conftest.c:35: undefined reference to `__pthread_unregister_cancel'
collect2: error: ld returned 1 exit status
configure:16670: $? = 1
configure: failed program was:
| /* confdefs.h */
| #define PACKAGE_NAME "mesos"
| #define PACKAGE_TARNAME "mesos"
| #define PACKAGE_VERSION "1.11.0"
| #define PACKAGE_STRING "mesos 1.11.0"
| #define PACKAGE_BUGREPORT ""
| #define PACKAGE_URL ""
| #define PACKAGE "mesos"
| #define VERSION "1.11.0"
| #define STDC_HEADERS 1
| #define HAVE_SYS_TYPES_H 1
| #define HAVE_SYS_STAT_H 1
| #define HAVE_STDLIB_H 1
| #define HAVE_STRING_H 1
| #define HAVE_MEMORY_H 1
| #define HAVE_STRINGS_H 1
| #define HAVE_INTTYPES_H 1
| #define HAVE_STDINT_H 1
| #define HAVE_UNISTD_H 1
| #define HAVE_DLFCN_H 1
| #define LT_OBJDIR ".libs/"
| #define HAVE_CXX11 1
| /* end confdefs.h.  */
| #include <pthread.h>
|                         static void routine(void *a) { a = 0; }
|                         static void *start_routine(void *a) { return a; }
| int
| main ()
| {
| pthread_t th; pthread_attr_t attr;
|                         pthread_create(&th, 0, start_routine, 0);
|                         pthread_join(th, 0);
|                         pthread_attr_init(&attr);
|                         pthread_cleanup_push(routine, 0);
|                         pthread_cleanup_pop(0) /* ; */
|   ;
|   return 0;
| }
configure:16679: result: no
configure:16582: checking whether pthreads work with -Kthread
configure:16670: gcc -o conftest -g1 -O0 -Wno-unused-local-typedefs -Kthread    conftest.c   >&5
gcc: error: unrecognized command line option '-Kthread'; did you mean '-pthread'?
configure:16670: $? = 1
configure: failed program was:
| /* confdefs.h */
| #define PACKAGE_NAME "mesos"
| #define PACKAGE_TARNAME "mesos"
| #define PACKAGE_VERSION "1.11.0"
| #define PACKAGE_STRING "mesos 1.11.0"
| #define PACKAGE_BUGREPORT ""
| #define PACKAGE_URL ""
| #define PACKAGE "mesos"
| #define VERSION "1.11.0"
| #define STDC_HEADERS 1
| #define HAVE_SYS_TYPES_H 1
| #define HAVE_SYS_STAT_H 1
| #define HAVE_STDLIB_H 1
| #define HAVE_STRING_H 1
| #define HAVE_MEMORY_H 1
| #define HAVE_STRINGS_H 1
| #define HAVE_INTTYPES_H 1
| #define HAVE_STDINT_H 1
| #define HAVE_UNISTD_H 1
| #define HAVE_DLFCN_H 1
| #define LT_OBJDIR ".libs/"
| #define HAVE_CXX11 1
| /* end confdefs.h.  */
| #include <pthread.h>
|                         static void routine(void *a) { a = 0; }
|                         static void *start_routine(void *a) { return a; }
| int
| main ()
| {
| pthread_t th; pthread_attr_t attr;
|                         pthread_create(&th, 0, start_routine, 0);
|                         pthread_join(th, 0);
|                         pthread_attr_init(&attr);
|                         pthread_cleanup_push(routine, 0);
|                         pthread_cleanup_pop(0) /* ; */
|   ;
|   return 0;
| }
configure:16679: result: no
configure:16582: checking whether pthreads work with -kthread
configure:16670: gcc -o conftest -g1 -O0 -Wno-unused-local-typedefs -kthread    conftest.c   >&5
gcc: error: unrecognized command line option '-kthread'; did you mean '-pthread'?
configure:16670: $? = 1
configure: failed program was:
| /* confdefs.h */
| #define PACKAGE_NAME "mesos"
| #define PACKAGE_TARNAME "mesos"
| #define PACKAGE_VERSION "1.11.0"
| #define PACKAGE_STRING "mesos 1.11.0"
| #define PACKAGE_BUGREPORT ""
| #define PACKAGE_URL ""
| #define PACKAGE "mesos"
| #define VERSION "1.11.0"
| #define STDC_HEADERS 1
| #define HAVE_SYS_TYPES_H 1
| #define HAVE_SYS_STAT_H 1
| #define HAVE_STDLIB_H 1
| #define HAVE_STRING_H 1
| #define HAVE_MEMORY_H 1
| #define HAVE_STRINGS_H 1
| #define HAVE_INTTYPES_H 1
| #define HAVE_STDINT_H 1
| #define HAVE_UNISTD_H 1
| #define HAVE_DLFCN_H 1
| #define LT_OBJDIR ".libs/"
| #define HAVE_CXX11 1
| /* end confdefs.h.  */
| #include <pthread.h>
|                         static void routine(void *a) { a = 0; }
|                         static void *start_routine(void *a) { return a; }
| int
| main ()
| {
| pthread_t th; pthread_attr_t attr;
|                         pthread_create(&th, 0, start_routine, 0);
|                         pthread_join(th, 0);
|                         pthread_attr_init(&attr);
|                         pthread_cleanup_push(routine, 0);
|                         pthread_cleanup_pop(0) /* ; */
|   ;
|   return 0;
| }
configure:16679: result: no
configure:16632: checking for the pthreads library -llthread
configure:16670: gcc -o conftest -g1 -O0 -Wno-unused-local-typedefs     conftest.c -llthread  >&5
/usr/bin/ld: cannot find -llthread
collect2: error: ld returned 1 exit status
configure:16670: $? = 1
configure: failed program was:
| /* confdefs.h */
| #define PACKAGE_NAME "mesos"
| #define PACKAGE_TARNAME "mesos"
| #define PACKAGE_VERSION "1.11.0"
| #define PACKAGE_STRING "mesos 1.11.0"
| #define PACKAGE_BUGREPORT ""
| #define PACKAGE_URL ""
| #define PACKAGE "mesos"
| #define VERSION "1.11.0"
| #define STDC_HEADERS 1
| #define HAVE_SYS_TYPES_H 1
| #define HAVE_SYS_STAT_H 1
| #define HAVE_STDLIB_H 1
| #define HAVE_STRING_H 1
| #define HAVE_MEMORY_H 1
| #define HAVE_STRINGS_H 1
| #define HAVE_INTTYPES_H 1
| #define HAVE_STDINT_H 1
| #define HAVE_UNISTD_H 1
| #define HAVE_DLFCN_H 1
| #define LT_OBJDIR ".libs/"
| #define HAVE_CXX11 1
| /* end confdefs.h.  */
| #include <pthread.h>
|                         static void routine(void *a) { a = 0; }
|                         static void *start_routine(void *a) { return a; }
| int
| main ()
| {
| pthread_t th; pthread_attr_t attr;
|                         pthread_create(&th, 0, start_routine, 0);
|                         pthread_join(th, 0);
|                         pthread_attr_init(&attr);
|                         pthread_cleanup_push(routine, 0);
|                         pthread_cleanup_pop(0) /* ; */
|   ;
|   return 0;
| }
configure:16679: result: no
configure:16582: checking whether pthreads work with -pthread
configure:16670: gcc -o conftest -g1 -O0 -Wno-unused-local-typedefs -pthread    conftest.c   >&5
configure:16670: $? = 0
configure:16679: result: yes
configure:16698: checking for joinable pthread attribute
configure:16713: gcc -o conftest -g1 -O0 -Wno-unused-local-typedefs -pthread   conftest.c   >&5
configure:16713: $? = 0
configure:16719: result: PTHREAD_CREATE_JOINABLE
configure:16729: checking if more special flags are required for pthreads
configure:16744: result: no
configure:16750: checking for PTHREAD_PRIO_INHERIT
configure:16767: gcc -o conftest -g1 -O0 -Wno-unused-local-typedefs -pthread   conftest.c   >&5
configure:16767: $? = 0
configure:16776: result: yes
configure:16893: Setting up build environment for x86_64 linux-gnu
configure:17038: checking for backtrace in -lunwind
configure:17063: g++ -o conftest -g1 -O0 -Wno-unused-local-typedefs -std=c++11   conftest.cpp -lunwind   -lrt >&5
/usr/bin/ld: cannot find -lunwind
collect2: error: ld returned 1 exit status
configure:17063: $? = 1
configure: failed program was:
| /* confdefs.h */
| #define PACKAGE_NAME "mesos"
| #define PACKAGE_TARNAME "mesos"
| #define PACKAGE_VERSION "1.11.0"
| #define PACKAGE_STRING "mesos 1.11.0"
| #define PACKAGE_BUGREPORT ""
| #define PACKAGE_URL ""
| #define PACKAGE "mesos"
| #define VERSION "1.11.0"
| #define STDC_HEADERS 1
| #define HAVE_SYS_TYPES_H 1
| #define HAVE_SYS_STAT_H 1
| #define HAVE_STDLIB_H 1
| #define HAVE_STRING_H 1
| #define HAVE_MEMORY_H 1
| #define HAVE_STRINGS_H 1
| #define HAVE_INTTYPES_H 1
| #define HAVE_STDINT_H 1
| #define HAVE_UNISTD_H 1
| #define HAVE_DLFCN_H 1
| #define LT_OBJDIR ".libs/"
| #define HAVE_CXX11 1
| #define HAVE_PTHREAD_PRIO_INHERIT 1
| #define HAVE_PTHREAD 1
| /* end confdefs.h.  */
| 
| /* Override any GCC internal prototype to avoid an error.
|    Use char because int might match the return type of a GCC
|    builtin and then its argument prototype would still apply.  */
| #ifdef __cplusplus
| extern "C"
| #endif
| char backtrace ();
| int
| main ()
| {
| return backtrace ();
|   ;
|   return 0;
| }
configure:17072: result: no
configure:17099: checking for RAND_poll in -lcrypto
configure:17124: g++ -o conftest -g1 -O0 -Wno-unused-local-typedefs -std=c++11   conftest.cpp -lcrypto   -lrt >&5
configure:17124: $? = 0
configure:17133: result: yes
configure:17143: checking openssl/ssl.h usability
configure:17143: g++ -c -g1 -O0 -Wno-unused-local-typedefs -std=c++11  conftest.cpp >&5
configure:17143: $? = 0
configure:17143: result: yes
configure:17143: checking openssl/ssl.h presence
configure:17143: g++ -E  conftest.cpp
configure:17143: $? = 0
configure:17143: result: yes
configure:17143: checking for openssl/ssl.h
configure:17143: result: yes
configure:17148: checking for SSL_CTX_new in -lssl
configure:17173: g++ -o conftest -g1 -O0 -Wno-unused-local-typedefs -std=c++11   conftest.cpp -lssl -lcrypto  -lrt >&5
configure:17173: $? = 0
configure:17182: result: yes
configure:17231: checking for main in -lgflags
configure:17250: g++ -o conftest -g1 -O0 -Wno-unused-local-typedefs -std=c++11   conftest.cpp -lgflags   -lrt >&5
/usr/bin/ld: cannot find -lgflags
collect2: error: ld returned 1 exit status
configure:17250: $? = 1
configure: failed program was:
| /* confdefs.h */
| #define PACKAGE_NAME "mesos"
| #define PACKAGE_TARNAME "mesos"
| #define PACKAGE_VERSION "1.11.0"
| #define PACKAGE_STRING "mesos 1.11.0"
| #define PACKAGE_BUGREPORT ""
| #define PACKAGE_URL ""
| #define PACKAGE "mesos"
| #define VERSION "1.11.0"
| #define STDC_HEADERS 1
| #define HAVE_SYS_TYPES_H 1
| #define HAVE_SYS_STAT_H 1
| #define HAVE_STDLIB_H 1
| #define HAVE_STRING_H 1
| #define HAVE_MEMORY_H 1
| #define HAVE_STRINGS_H 1
| #define HAVE_INTTYPES_H 1
| #define HAVE_STDINT_H 1
| #define HAVE_UNISTD_H 1
| #define HAVE_DLFCN_H 1
| #define LT_OBJDIR ".libs/"
| #define HAVE_CXX11 1
| #define HAVE_PTHREAD_PRIO_INHERIT 1
| #define HAVE_PTHREAD 1
| #define HAVE_OPENSSL_SSL_H 1
| /* end confdefs.h.  */
| 
| 
| int
| main ()
| {
| return main ();
|   ;
|   return 0;
| }
configure:17259: result: no
configure:17314: checking for patch
configure:17330: found /usr/bin/patch
configure:17341: result: patch
configure:17372: checking fts.h usability
configure:17372: g++ -c -g1 -O0 -Wno-unused-local-typedefs -std=c++11  conftest.cpp >&5
configure:17372: $? = 0
configure:17372: result: yes
configure:17372: checking fts.h presence
configure:17372: g++ -E  conftest.cpp
configure:17372: $? = 0
configure:17372: result: yes
configure:17372: checking for fts.h
configure:17372: result: yes
configure:17390: checking for library containing fts_close
configure:17421: g++ -o conftest -g1 -O0 -Wno-unused-local-typedefs -std=c++11   conftest.cpp  -lrt >&5
configure:17421: $? = 0
configure:17438: result: none required
configure:17488: checking apr_pools.h usability
configure:17488: g++ -c -g1 -O0 -Wno-unused-local-typedefs -std=c++11 -I/usr/include/apr-1 -I/usr/include/apr-1.0	       conftest.cpp >&5
configure:17488: $? = 0
configure:17488: result: yes
configure:17488: checking apr_pools.h presence
configure:17488: g++ -E -I/usr/include/apr-1 -I/usr/include/apr-1.0	       conftest.cpp
configure:17488: $? = 0
configure:17488: result: yes
configure:17488: checking for apr_pools.h
configure:17488: result: yes
configure:17493: checking for apr_initialize in -lapr-1
configure:17518: g++ -o conftest -g1 -O0 -Wno-unused-local-typedefs -std=c++11 -I/usr/include/apr-1 -I/usr/include/apr-1.0	        conftest.cpp -lapr-1   -lrt >&5
configure:17518: $? = 0
configure:17527: result: yes
configure:17665: checking for curl_global_init in -lcurl
configure:17690: g++ -o conftest -g1 -O0 -Wno-unused-local-typedefs -std=c++11 -I/usr/include/apr-1 -I/usr/include/apr-1.0	        conftest.cpp -lcurl  -lapr-1  -lrt >&5
configure:17690: $? = 0
configure:17699: result: yes
configure:18171: checking for javac
configure:18189: found /usr/bin/javac
configure:18202: result: /usr/bin/javac
configure:18212: checking for java
configure:18230: found /usr/bin/java
configure:18243: result: /usr/bin/java
configure:18256: checking value of Java system property 'java.home'
configure:18270: result: /usr/lib/jvm/java-11-openjdk-amd64
configure:18292: using JAVA_HOME=/usr/lib/jvm/java-11-openjdk-amd64
configure:18339: checking whether or not we can build with JNI
libtool: link: g++ -Wall -Werror -I/usr/lib/jvm/java-11-openjdk-amd64/include -I/usr/lib/jvm/java-11-openjdk-amd64/include/linux -o conftest conftest.cpp -Wl,-ljvm  -L/usr/lib/jvm/java-11-openjdk-amd64/lib/server -Wl,-rpath -Wl,/usr/lib/jvm/java-11-openjdk-amd64/lib/server
configure:18462: result: yes
configure:18489: checking for mvn
configure:18507: found /usr/bin/mvn
configure:18520: result: /usr/bin/mvn
configure:18607: checking for javah
configure:18641: result: no
configure:18752: checking whether to enable launcher sealing
configure:18754: result: no
configure:19158: checking whether to enable the Seccomp isolator
configure:19164: result: no
configure:20263: checking for sasl_done in -lsasl2
configure:20288: g++ -o conftest -g1 -O0 -Wno-unused-local-typedefs -std=c++11 -I/usr/include/apr-1 -I/usr/include/apr-1.0	        conftest.cpp -lsasl2  -lcurl -lapr-1  -lrt >&5
configure:20288: $? = 0
configure:20297: result: yes
configure:20315: checking SASL CRAM-MD5 support
configure:20384: result: yes
configure:20461: checking svn_version.h usability
configure:20461: g++ -c -g1 -O0 -Wno-unused-local-typedefs -std=c++11 -I/usr/include/subversion-1 -I/usr/include/apr-1 -I/usr/include/apr-1.0	       conftest.cpp >&5
configure:20461: $? = 0
configure:20461: result: yes
configure:20461: checking svn_version.h presence
configure:20461: g++ -E -I/usr/include/subversion-1 -I/usr/include/apr-1 -I/usr/include/apr-1.0	       conftest.cpp
configure:20461: $? = 0
configure:20461: result: yes
configure:20461: checking for svn_version.h
configure:20461: result: yes
configure:20466: checking for svn_stringbuf_create_ensure in -lsvn_subr-1
configure:20491: g++ -o conftest -g1 -O0 -Wno-unused-local-typedefs -std=c++11 -I/usr/include/subversion-1 -I/usr/include/apr-1 -I/usr/include/apr-1.0	        conftest.cpp -lsvn_subr-1  -lsasl2 -lcurl -lapr-1  -lrt >&5
configure:20491: $? = 0
configure:20500: result: yes
configure:20530: checking svn_delta.h usability
configure:20530: g++ -c -g1 -O0 -Wno-unused-local-typedefs -std=c++11 -I/usr/include/subversion-1 -I/usr/include/apr-1 -I/usr/include/apr-1.0	       conftest.cpp >&5
configure:20530: $? = 0
configure:20530: result: yes
configure:20530: checking svn_delta.h presence
configure:20530: g++ -E -I/usr/include/subversion-1 -I/usr/include/apr-1 -I/usr/include/apr-1.0	       conftest.cpp
configure:20530: $? = 0
configure:20530: result: yes
configure:20530: checking for svn_delta.h
configure:20530: result: yes
configure:20535: checking for svn_txdelta in -lsvn_delta-1
configure:20560: g++ -o conftest -g1 -O0 -Wno-unused-local-typedefs -std=c++11 -I/usr/include/subversion-1 -I/usr/include/apr-1 -I/usr/include/apr-1.0	        conftest.cpp -lsvn_delta-1  -lsvn_subr-1 -lsasl2 -lcurl -lapr-1  -lrt >&5
configure:20560: $? = 0
configure:20569: result: yes
configure:20598: checking whether to enable the XFS disk isolator
configure:20604: result: no
configure:20771: checking zlib.h usability
configure:20771: g++ -c -g1 -O0 -Wno-unused-local-typedefs -std=c++11 -I/usr/include/subversion-1 -I/usr/include/apr-1 -I/usr/include/apr-1.0	       conftest.cpp >&5
configure:20771: $? = 0
configure:20771: result: yes
configure:20771: checking zlib.h presence
configure:20771: g++ -E -I/usr/include/subversion-1 -I/usr/include/apr-1 -I/usr/include/apr-1.0	       conftest.cpp
configure:20771: $? = 0
configure:20771: result: yes
configure:20771: checking for zlib.h
configure:20771: result: yes
configure:20776: checking for deflate, gzread, gzwrite, inflate in -lz
configure:20801: g++ -o conftest -g1 -O0 -Wno-unused-local-typedefs -std=c++11 -I/usr/include/subversion-1 -I/usr/include/apr-1 -I/usr/include/apr-1.0	        conftest.cpp -lz  -lsvn_delta-1 -lsvn_subr-1 -lsasl2 -lcurl -lapr-1  -lrt >&5
configure:20801: $? = 0
configure:20810: result: yes
configure:21157: checking C++ standard library for undefined behaviour with selected optimization level
configure:21193: g++ -o conftest -g1 -O0 -Wno-unused-local-typedefs -std=c++11 -I/usr/include/subversion-1 -I/usr/include/apr-1 -I/usr/include/apr-1.0	        conftest.cpp  >&5
configure:21193: $? = 0
configure:21193: ./conftest
configure:21193: $? = 0
configure:21195: result: no
configure:21261: checking for python
configure:21279: found /usr/bin/python
configure:21291: result: /usr/bin/python
configure:21312: checking for python version
configure:21319: result: 2.7
configure:21331: checking for python platform
configure:21338: result: linux2
configure:21364: checking for python script directory
configure:21399: result: ${prefix}/lib/python2.7/dist-packages
configure:21408: checking for python extension module directory
configure:21443: result: ${exec_prefix}/lib/python2.7/dist-packages
configure:21471: /usr/bin/python -c import sys # split strings by '.' and convert to numeric. Append some zeros # because we need at least 4 digits for the hex conversion. # map returns an iterator in Python 3.0 and a list in 2.x minver = list(map(int, '2.6'.split('.'))) + [0, 0, 0] minverhex = 0 # xrange is not present in Python 3.0 and range returns an iterator for i in list(range(0, 4)): minverhex = (minverhex << 8) + minver[i] sys.exit(sys.hexversion < minverhex)
configure:21474: $? = 0
configure:21498: /usr/bin/python -c import sys # split strings by '.' and convert to numeric. Append some zeros # because we need at least 4 digits for the hex conversion. # map returns an iterator in Python 3.0 and a list in 2.x minver = list(map(int, '3.0'.split('.'))) + [0, 0, 0] minverhex = 0 # xrange is not present in Python 3.0 and range returns an iterator for i in list(range(0, 4)): minverhex = (minverhex << 8) + minver[i] sys.exit(sys.hexversion < minverhex)
configure:21501: $? = 1
configure:21620: checking for python2.7
configure:21650: result: /usr/bin/python
configure:21666: checking for a version of Python >= '2.1.0'
configure:21692: result: yes
configure:21700: checking for a version of Python >= '2.6'
configure:21706: result: yes
configure:21723: checking for the distutils Python package
configure:21727: result: yes
configure:21741: checking for Python include path
configure:21757: result: -I/usr/include/python2.7
configure:21764: checking for Python library path
configure:21841: result: -L/usr/lib -lpython2.7
configure:21848: checking for Python site-packages path
configure:21854: result: /usr/lib/python2.7/dist-packages
configure:21861: checking python extra libraries
configure:21868: result: -lpthread -ldl  -lutil -lm
configure:21875: checking python extra linking flags
configure:21882: result: -Xlinker -export-dynamic -Wl,-O1 -Wl,-Bsymbolic-functions
configure:21889: checking consistency of all components of python development environment
configure:21915: gcc -o conftest -g1 -O0 -Wno-unused-local-typedefs -I/usr/include/subversion-1 -I/usr/include/apr-1 -I/usr/include/apr-1.0	       -I/usr/include/python2.7  conftest.c -lz -lsvn_delta-1 -lsvn_subr-1 -lsasl2 -lcurl -lapr-1  -lrt -L/usr/lib -lpython2.7 -Xlinker -export-dynamic -Wl,-O1 -Wl,-Bsymbolic-functions -lpthread -ldl  -lutil -lm >&5
configure:21915: $? = 0
configure:21932: result: yes
configure:21961: checking whether we can build usable Python eggs
configure:22036: result: yes
configure:22067: checking for an old installation of the Mesos egg (before 0.20.0)
configure:22079: result: no
configure:22335: checking whether to enable new CLI
configure:22341: result: no
configure:22437: checking src/common/git_version.hpp presence
configure:22441: result: yes
configure:22637: checking that generated files are newer than configure
configure:22643: result: done
configure:22878: creating ./config.status

## ---------------------- ##
## Running config.status. ##
## ---------------------- ##

This file was extended by mesos config.status 1.11.0, which was
generated by GNU Autoconf 2.69.  Invocation command line was

  CONFIG_FILES    = 
  CONFIG_HEADERS  = 
  CONFIG_LINKS    = 
  CONFIG_COMMANDS = 
  $ ./config.status 

on pop-os

config.status:1309: creating Makefile
config.status:1309: creating mesos.pc
config.status:1309: creating src/Makefile
config.status:1309: creating 3rdparty/Makefile
config.status:1309: creating 3rdparty/libprocess/Makefile
config.status:1309: creating 3rdparty/libprocess/include/Makefile
config.status:1309: creating 3rdparty/stout/Makefile
config.status:1309: creating 3rdparty/stout/include/Makefile
config.status:1309: creating 3rdparty/gmock_sources.cc
config.status:1309: creating bin/mesos.sh
config.status:1309: creating bin/mesos-agent.sh
config.status:1309: creating bin/mesos-local.sh
config.status:1309: creating bin/mesos-master.sh
config.status:1309: creating bin/mesos-slave.sh
config.status:1309: creating bin/mesos-tests.sh
config.status:1309: creating bin/mesos-agent-flags.sh
config.status:1309: creating bin/mesos-local-flags.sh
config.status:1309: creating bin/mesos-master-flags.sh
config.status:1309: creating bin/mesos-slave-flags.sh
config.status:1309: creating bin/mesos-tests-flags.sh
config.status:1309: creating bin/gdb-mesos-agent.sh
config.status:1309: creating bin/gdb-mesos-local.sh
config.status:1309: creating bin/gdb-mesos-master.sh
config.status:1309: creating bin/gdb-mesos-slave.sh
config.status:1309: creating bin/gdb-mesos-tests.sh
config.status:1309: creating bin/lldb-mesos-agent.sh
config.status:1309: creating bin/lldb-mesos-local.sh
config.status:1309: creating bin/lldb-mesos-master.sh
config.status:1309: creating bin/lldb-mesos-slave.sh
config.status:1309: creating bin/lldb-mesos-tests.sh
config.status:1309: creating bin/valgrind-mesos-agent.sh
config.status:1309: creating bin/valgrind-mesos-local.sh
config.status:1309: creating bin/valgrind-mesos-master.sh
config.status:1309: creating bin/valgrind-mesos-slave.sh
config.status:1309: creating bin/valgrind-mesos-tests.sh
config.status:1309: creating src/deploy/mesos-daemon.sh
config.status:1309: creating src/deploy/mesos-start-agents.sh
config.status:1309: creating src/deploy/mesos-start-cluster.sh
config.status:1309: creating src/deploy/mesos-start-masters.sh
config.status:1309: creating src/deploy/mesos-start-slaves.sh
config.status:1309: creating src/deploy/mesos-stop-agents.sh
config.status:1309: creating src/deploy/mesos-stop-cluster.sh
config.status:1309: creating src/deploy/mesos-stop-masters.sh
config.status:1309: creating src/deploy/mesos-stop-slaves.sh
config.status:1309: creating include/mesos/version.hpp
config.status:1309: creating src/java/generated/org/apache/mesos/MesosNativeLibrary.java
config.status:1309: creating src/examples/java/test-exception-framework
config.status:1309: creating src/examples/java/test-executor
config.status:1309: creating src/examples/java/test-framework
config.status:1309: creating src/examples/java/test-multiple-executors-framework
config.status:1309: creating src/examples/java/test-log
config.status:1309: creating src/examples/java/v1-test-framework
config.status:1309: creating src/java/mesos.pom
config.status:1309: creating src/examples/python/test-executor
config.status:1309: creating src/examples/python/test-framework
config.status:1309: creating src/python/setup.py
config.status:1309: creating src/python/cli/setup.py
config.status:1309: creating src/python/interface/setup.py
config.status:1309: creating src/python/native_common/ext_modules.py
config.status:1309: creating src/python/executor/setup.py
config.status:1309: creating src/python/native/setup.py
config.status:1309: creating src/python/scheduler/setup.py
config.status:1493: linking src/python/native_common/ext_modules.py to src/python/executor/ext_modules.py
config.status:1493: linking src/python/native_common/ext_modules.py to src/python/scheduler/ext_modules.py
config.status:1512: executing depfiles commands
config.status:1589: cd src       && sed -e '/# am--include-marker/d' Makefile         | make -f - am--depfiles
make: Nothing to be done for 'am--depfiles'.
config.status:1594: $? = 0
config.status:1589: cd 3rdparty       && sed -e '/# am--include-marker/d' Makefile         | make -f - am--depfiles
make: Nothing to be done for 'am--depfiles'.
config.status:1594: $? = 0
config.status:1589: cd 3rdparty/libprocess       && sed -e '/# am--include-marker/d' Makefile         | make -f - am--depfiles
make: Nothing to be done for 'am--depfiles'.
config.status:1594: $? = 0
config.status:1589: cd 3rdparty/stout       && sed -e '/# am--include-marker/d' Makefile         | make -f - am--depfiles
make: Nothing to be done for 'am--depfiles'.
config.status:1594: $? = 0
config.status:1512: executing libtool commands
configure:25252: Build option summary:
    CXX:        g++
    CXXFLAGS:   -g1 -O0 -Wno-unused-local-typedefs -std=c++11
    CPPFLAGS:   -I/usr/include/subversion-1 -I/usr/include/apr-1 -I/usr/include/apr-1.0	      
    LDFLAGS:    
    LIBS:       -lz -lsvn_delta-1 -lsvn_subr-1 -lsasl2 -lcurl -lapr-1  -lrt
    JAVA_TEST_LDFLAGS: -L/usr/lib/jvm/java-11-openjdk-amd64/lib/server -R/usr/lib/jvm/java-11-openjdk-amd64/lib/server -Wl,-ljvm
    JAVA_JVM_LIBRARY:  /usr/lib/jvm/java-11-openjdk-amd64/lib/server/libjvm.so


## ---------------- ##
## Cache variables. ##
## ---------------- ##

ac_cv_build=x86_64-pc-linux-gnu
ac_cv_c_compiler_gnu=yes
ac_cv_cxx_compiler_gnu=yes
ac_cv_env_CCC_set=
ac_cv_env_CCC_value=
ac_cv_env_CC_set=
ac_cv_env_CC_value=
ac_cv_env_CFLAGS_set=
ac_cv_env_CFLAGS_value=
ac_cv_env_CPPFLAGS_set=
ac_cv_env_CPPFLAGS_value=
ac_cv_env_CPP_set=
ac_cv_env_CPP_value=
ac_cv_env_CXXCPP_set=
ac_cv_env_CXXCPP_value=
ac_cv_env_CXXFLAGS_set=
ac_cv_env_CXXFLAGS_value=
ac_cv_env_CXX_set=
ac_cv_env_CXX_value=
ac_cv_env_JAVA_CPPFLAGS_set=
ac_cv_env_JAVA_CPPFLAGS_value=
ac_cv_env_JAVA_HOME_set=
ac_cv_env_JAVA_HOME_value=
ac_cv_env_JAVA_JVM_LIBRARY_set=
ac_cv_env_JAVA_JVM_LIBRARY_value=
ac_cv_env_LDFLAGS_set=
ac_cv_env_LDFLAGS_value=
ac_cv_env_LIBS_set=
ac_cv_env_LIBS_value=
ac_cv_env_LT_SYS_LIBRARY_PATH_set=
ac_cv_env_LT_SYS_LIBRARY_PATH_value=
ac_cv_env_MAVEN_HOME_set=
ac_cv_env_MAVEN_HOME_value=
ac_cv_env_PROTOBUF_JAR_set=
ac_cv_env_PROTOBUF_JAR_value=
ac_cv_env_PYTHON_3_set=
ac_cv_env_PYTHON_3_value=
ac_cv_env_PYTHON_VERSION_set=
ac_cv_env_PYTHON_VERSION_value=
ac_cv_env_PYTHON_set=
ac_cv_env_PYTHON_value=
ac_cv_env_TEST_DRIVER_set=
ac_cv_env_TEST_DRIVER_value=
ac_cv_env_build_alias_set=
ac_cv_env_build_alias_value=
ac_cv_env_host_alias_set=
ac_cv_env_host_alias_value=
ac_cv_env_target_alias_set=
ac_cv_env_target_alias_value=
ac_cv_header_apr_pools_h=yes
ac_cv_header_dlfcn_h=yes
ac_cv_header_fts_h=yes
ac_cv_header_inttypes_h=yes
ac_cv_header_memory_h=yes
ac_cv_header_openssl_ssl_h=yes
ac_cv_header_stdc=yes
ac_cv_header_stdint_h=yes
ac_cv_header_stdlib_h=yes
ac_cv_header_string_h=yes
ac_cv_header_strings_h=yes
ac_cv_header_svn_delta_h=yes
ac_cv_header_svn_version_h=yes
ac_cv_header_sys_stat_h=yes
ac_cv_header_sys_types_h=yes
ac_cv_header_unistd_h=yes
ac_cv_header_zlib_h=yes
ac_cv_host=x86_64-pc-linux-gnu
ac_cv_lib_apr_1_apr_initialize=yes
ac_cv_lib_crypto_RAND_poll=yes
ac_cv_lib_curl_curl_global_init=yes
ac_cv_lib_gflags_main=no
ac_cv_lib_sasl2_sasl_done=yes
ac_cv_lib_ssl_SSL_CTX_new=yes
ac_cv_lib_svn_delta_1_svn_txdelta=yes
ac_cv_lib_svn_subr_1_svn_stringbuf_create_ensure=yes
ac_cv_lib_unwind_backtrace=no
ac_cv_lib_z_deflate__gzread__gzwrite__inflate=yes
ac_cv_objext=o
ac_cv_path_EGREP='/usr/bin/grep -E'
ac_cv_path_FGREP='/usr/bin/grep -F'
ac_cv_path_GREP=/usr/bin/grep
ac_cv_path_JAVA=/usr/bin/java
ac_cv_path_JAVAC=/usr/bin/javac
ac_cv_path_JAVAH=
ac_cv_path_MVN=/usr/bin/mvn
ac_cv_path_PYTHON=/usr/bin/python
ac_cv_path_SED=/usr/bin/sed
ac_cv_path_install='/usr/bin/install -c'
ac_cv_path_lt_DD=/usr/bin/dd
ac_cv_path_mkdir=/usr/bin/mkdir
ac_cv_prog_AWK=mawk
ac_cv_prog_CPP='gcc -E'
ac_cv_prog_CXXCPP='g++ -E'
ac_cv_prog_ac_ct_AR=ar
ac_cv_prog_ac_ct_CC=gcc
ac_cv_prog_ac_ct_CXX=g++
ac_cv_prog_ac_ct_MANIFEST_TOOL=mt
ac_cv_prog_ac_ct_OBJDUMP=objdump
ac_cv_prog_ac_ct_PATCHCOMMAND_TEST=patch
ac_cv_prog_ac_ct_RANLIB=ranlib
ac_cv_prog_ac_ct_STRIP=strip
ac_cv_prog_cc_c89=
ac_cv_prog_cc_g=yes
ac_cv_prog_cxx_g=yes
ac_cv_prog_make_make_set=yes
ac_cv_search_fts_close='none required'
ac_cv_target=x86_64-pc-linux-gnu
am_cv_CC_dependencies_compiler_type=gcc3
am_cv_CXX_dependencies_compiler_type=gcc3
am_cv_ar_interface=ar
am_cv_make_support_nested_variables=yes
am_cv_prog_cc_c_o=yes
am_cv_prog_tar_pax=gnutar
am_cv_python_platform=linux2
am_cv_python_pyexecdir='${exec_prefix}/lib/python2.7/dist-packages'
am_cv_python_pythondir='${prefix}/lib/python2.7/dist-packages'
am_cv_python_version=2.7
ax_cv_PTHREAD_PRIO_INHERIT=yes
ax_cv_check_cxxflags___fstack_protector_strong=yes
ax_cv_cxx_compile_cxx11=yes
ax_cv_cxx_compile_cxx11__std_cpp11=yes
ax_cv_cxx_compiler_vendor=gnu
ax_cv_cxx_compiler_version=9.3.0
lt_cv_ar_at_file=@
lt_cv_archive_cmds_need_lc=no
lt_cv_deplibs_check_method=pass_all
lt_cv_file_magic_cmd='$MAGIC_CMD'
lt_cv_file_magic_test_file=
lt_cv_ld_reload_flag=-r
lt_cv_nm_interface='BSD nm'
lt_cv_objdir=.libs
lt_cv_path_LD=/usr/bin/ld
lt_cv_path_LDCXX='/usr/bin/ld -m elf_x86_64'
lt_cv_path_NM='/usr/bin/nm -B'
lt_cv_path_mainfest_tool=no
lt_cv_prog_compiler_c_o=yes
lt_cv_prog_compiler_c_o_CXX=yes
lt_cv_prog_compiler_pic='-fPIC -DPIC'
lt_cv_prog_compiler_pic_CXX='-fPIC -DPIC'
lt_cv_prog_compiler_pic_works=yes
lt_cv_prog_compiler_pic_works_CXX=yes
lt_cv_prog_compiler_rtti_exceptions=no
lt_cv_prog_compiler_static_works=yes
lt_cv_prog_compiler_static_works_CXX=yes
lt_cv_prog_gnu_ld=yes
lt_cv_prog_gnu_ldcxx=yes
lt_cv_sharedlib_from_linklib_cmd='printf %s\n'
lt_cv_shlibpath_overrides_runpath=yes
lt_cv_sys_global_symbol_pipe='sed -n -e '\''s/^.*[	 ]\([ABCDGIRSTW][ABCDGIRSTW]*\)[	 ][	 ]*\([_A-Za-z][_A-Za-z0-9]*\)$/\1 \2 \2/p'\'' | sed '\''/ __gnu_lto/d'\'''
lt_cv_sys_global_symbol_to_c_name_address='sed -n -e '\''s/^: \(.*\) .*$/  {"\1", (void *) 0},/p'\'' -e '\''s/^[ABCDGIRSTW][ABCDGIRSTW]* .* \(.*\)$/  {"\1", (void *) \&\1},/p'\'''
lt_cv_sys_global_symbol_to_c_name_address_lib_prefix='sed -n -e '\''s/^: \(.*\) .*$/  {"\1", (void *) 0},/p'\'' -e '\''s/^[ABCDGIRSTW][ABCDGIRSTW]* .* \(lib.*\)$/  {"\1", (void *) \&\1},/p'\'' -e '\''s/^[ABCDGIRSTW][ABCDGIRSTW]* .* \(.*\)$/  {"lib\1", (void *) \&\1},/p'\'''
lt_cv_sys_global_symbol_to_cdecl='sed -n -e '\''s/^T .* \(.*\)$/extern int \1();/p'\'' -e '\''s/^[ABCDGIRSTW][ABCDGIRSTW]* .* \(.*\)$/extern char \1;/p'\'''
lt_cv_sys_global_symbol_to_import=
lt_cv_sys_max_cmd_len=1572864
lt_cv_to_host_file_cmd=func_convert_file_noop
lt_cv_to_tool_file_cmd=func_convert_file_noop
lt_cv_truncate_bin='/usr/bin/dd bs=4096 count=1'

## ----------------- ##
## Output variables. ##
## ----------------- ##

ACLOCAL='${SHELL} /home/zulf/mesos/missing aclocal-1.16'
AMDEPBACKSLASH='\'
AMDEP_FALSE='#'
AMDEP_TRUE=''
AMTAR='$${TAR-tar}'
AM_BACKSLASH='\'
AM_DEFAULT_V='$(AM_DEFAULT_VERBOSITY)'
AM_DEFAULT_VERBOSITY='1'
AM_V='$(V)'
AR='ar'
AUTOCONF='${SHELL} /home/zulf/mesos/missing autoconf'
AUTOHEADER='${SHELL} /home/zulf/mesos/missing autoheader'
AUTOMAKE='${SHELL} /home/zulf/mesos/missing automake-1.16'
AWK='mawk'
CC='gcc'
CCDEPMODE='depmode=gcc3'
CFLAGS='-g1 -O0 -Wno-unused-local-typedefs'
CONFIGURE_ARGS=' '\''SASL_PATH=/usr/local/lib/sasl2'\'' CXXFLAGS='\''-g1 -O0 -Wno-unused-local-typedefs -std=c++11'\'''
CPP='gcc -E'
CPPFLAGS='-I/usr/include/subversion-1 -I/usr/include/apr-1 -I/usr/include/apr-1.0	      '
CXX='g++'
CXXCPP='g++ -E'
CXXDEPMODE='depmode=gcc3'
CXXFLAGS='-g1 -O0 -Wno-unused-local-typedefs -std=c++11'
CYGPATH_W='echo'
DEBUG_FALSE=''
DEBUG_TRUE='#'
DEFINE_BUILD_GIT_BRANCH=''
DEFINE_BUILD_GIT_SHA=''
DEFINE_BUILD_GIT_TAG=''
DEFS='-DPACKAGE_NAME=\"mesos\" -DPACKAGE_TARNAME=\"mesos\" -DPACKAGE_VERSION=\"1.11.0\" -DPACKAGE_STRING=\"mesos\ 1.11.0\" -DPACKAGE_BUGREPORT=\"\" -DPACKAGE_URL=\"\" -DPACKAGE=\"mesos\" -DVERSION=\"1.11.0\" -DSTDC_HEADERS=1 -DHAVE_SYS_TYPES_H=1 -DHAVE_SYS_STAT_H=1 -DHAVE_STDLIB_H=1 -DHAVE_STRING_H=1 -DHAVE_MEMORY_H=1 -DHAVE_STRINGS_H=1 -DHAVE_INTTYPES_H=1 -DHAVE_STDINT_H=1 -DHAVE_UNISTD_H=1 -DHAVE_DLFCN_H=1 -DLT_OBJDIR=\".libs/\" -DHAVE_CXX11=1 -DHAVE_PTHREAD_PRIO_INHERIT=1 -DHAVE_PTHREAD=1 -DHAVE_OPENSSL_SSL_H=1 -DHAVE_FTS_H=1 -DHAVE_APR_POOLS_H=1 -DHAVE_LIBAPR_1=1 -DHAVE_LIBCURL=1 -DMESOS_HAS_JAVA=1 -DENABLE_NVML=1 -DHAVE_LIBSASL2=1 -DHAVE_SVN_VERSION_H=1 -DHAVE_LIBSVN_SUBR_1=1 -DHAVE_SVN_DELTA_H=1 -DHAVE_LIBSVN_DELTA_1=1 -DHAVE_ZLIB_H=1 -DHAVE_LIBZ=1 -DHAVE_PYTHON=\"2.7\" -DMESOS_HAS_PYTHON=1'
DEPDIR='.deps'
DISABLE_LIBTOOL_WRAPPERS_FALSE=''
DISABLE_LIBTOOL_WRAPPERS_TRUE='#'
DLLTOOL='false'
DSYMUTIL=''
DUMPBIN=''
ECHO_C=''
ECHO_N='-n'
ECHO_T=''
EGREP='/usr/bin/grep -E'
ENABLE_HARDENING_FALSE='#'
ENABLE_HARDENING_TRUE=''
ENABLE_JEMALLOC_ALLOCATOR_FALSE=''
ENABLE_JEMALLOC_ALLOCATOR_TRUE='#'
ENABLE_LAUNCHER_SEALING_FALSE=''
ENABLE_LAUNCHER_SEALING_TRUE='#'
ENABLE_LIBEVENT_FALSE=''
ENABLE_LIBEVENT_TRUE='#'
ENABLE_LINUX_ROUTING_FALSE=''
ENABLE_LINUX_ROUTING_TRUE='#'
ENABLE_NETWORK_PORTS_ISOLATOR_FALSE=''
ENABLE_NETWORK_PORTS_ISOLATOR_TRUE='#'
ENABLE_NEW_CLI_FALSE=''
ENABLE_NEW_CLI_TRUE='#'
ENABLE_NVML_FALSE='#'
ENABLE_NVML_TRUE=''
ENABLE_PORT_MAPPING_ISOLATOR_FALSE=''
ENABLE_PORT_MAPPING_ISOLATOR_TRUE='#'
ENABLE_PYTHON_DEPENDENCY_INSTALL_FALSE='#'
ENABLE_PYTHON_DEPENDENCY_INSTALL_TRUE=''
ENABLE_SECCOMP_ISOLATOR_FALSE=''
ENABLE_SECCOMP_ISOLATOR_TRUE='#'
ENABLE_SSL_FALSE=''
ENABLE_SSL_TRUE='#'
ENABLE_STATIC_LIBPROCESS_FALSE='#'
ENABLE_STATIC_LIBPROCESS_TRUE=''
ENABLE_XFS_DISK_ISOLATOR_FALSE=''
ENABLE_XFS_DISK_ISOLATOR_TRUE='#'
EXEEXT=''
FGREP='/usr/bin/grep -F'
GMOCKSRC='gmock-all.cc'
GREP='/usr/bin/grep'
GRPC_CXX_PLUGIN=''
GRPC_CXX_PLUGIN_TEST=''
GTESTSRC='gtest-all.cc'
HAS_GPERFTOOLS_FALSE=''
HAS_GPERFTOOLS_TRUE='#'
HAS_JAVAH_FALSE=''
HAS_JAVAH_TRUE='#'
HAS_JAVA_FALSE='#'
HAS_JAVA_TRUE=''
HAS_PYTHON_FALSE='#'
HAS_PYTHON_TRUE=''
HAVE_CXX11='1'
INSTALL_DATA='${INSTALL} -m 644'
INSTALL_MODULE_DEPENDENCIES_FALSE=''
INSTALL_MODULE_DEPENDENCIES_TRUE='#'
INSTALL_PROGRAM='${INSTALL}'
INSTALL_SCRIPT='${INSTALL}'
INSTALL_STRIP_PROGRAM='$(install_sh) -c -s'
INSTALL_TESTS_FALSE=''
INSTALL_TESTS_TRUE='#'
JAVA='/usr/bin/java'
JAVAC='/usr/bin/javac'
JAVAH=''
JAVA_CPPFLAGS='-I/usr/lib/jvm/java-11-openjdk-amd64/include -I/usr/lib/jvm/java-11-openjdk-amd64/include/linux'
JAVA_HOME='/usr/lib/jvm/java-11-openjdk-amd64'
JAVA_JVM_LIBRARY='/usr/lib/jvm/java-11-openjdk-amd64/lib/server/libjvm.so'
LD='/usr/bin/ld -m elf_x86_64'
LDFLAGS=''
LIBOBJS=''
LIBS='-lz -lsvn_delta-1 -lsvn_subr-1 -lsasl2 -lcurl -lapr-1  -lrt'
LIBTOOL='$(SHELL) $(top_builddir)/libtool'
LINKGTEST_FALSE=''
LINKGTEST_TRUE='#'
LIPO=''
LN_S='ln -s'
LTLIBOBJS=''
LT_SYS_LIBRARY_PATH=''
MAINT=''
MAINTAINER_MODE_FALSE='#'
MAINTAINER_MODE_TRUE=''
MAKEINFO='${SHELL} /home/zulf/mesos/missing makeinfo'
MANIFEST_TOOL=':'
MAVEN_HOME=''
MESOS_MAJOR_VERSION='1'
MESOS_MINOR_VERSION='11'
MESOS_PATCH_VERSION='0'
MKDIR_P='/usr/bin/mkdir -p'
MODULE_CFLAGS=''
MODULE_LDFLAGS=''
MVN='/usr/bin/mvn'
NM='/usr/bin/nm -B'
NMEDIT=''
OBJDUMP='objdump'
OBJEXT='o'
OPTIMIZE_FALSE=''
OPTIMIZE_TRUE='#'
OS_FREEBSD_FALSE=''
OS_FREEBSD_TRUE='#'
OS_LINUX_FALSE='#'
OS_LINUX_TRUE=''
OTOOL64=''
OTOOL=''
PACKAGE='mesos'
PACKAGE_BUGREPORT=''
PACKAGE_NAME='mesos'
PACKAGE_STRING='mesos 1.11.0'
PACKAGE_TARNAME='mesos'
PACKAGE_URL=''
PACKAGE_VERSION='1.11.0'
PATCHCOMMAND_TEST='patch'
PATH_SEPARATOR=':'
PROTOBUF_CPPFLAGS=''
PROTOBUF_JAR='${MESOS_BUILD_DIR}/src/java/target/protobuf-java-3.5.0.jar'
PROTOBUF_LINKERFLAGS=''
PROTOBUF_PROTOCFLAGS=''
PROTOCOMPILER=''
PROTOCOMPILER_TEST=''
PTHREAD_CC='gcc'
PTHREAD_CFLAGS='-pthread'
PTHREAD_LIBS=''
PYTHON='/usr/bin/python'
PYTHON_3=''
PYTHON_CFLAGS='-g1 -O0 -Wno-unused-local-typedefs -g1 -O0 -Wno-unused-local-typedefs -std=c++11'
PYTHON_CPPFLAGS='-I/usr/include/subversion-1 -I/usr/include/apr-1 -I/usr/include/apr-1.0	      '
PYTHON_EGG_POSTFIX='-py2.7-linux-x86_64'
PYTHON_EGG_PUREPY_POSTFIX='-py2.7'
PYTHON_EXEC_PREFIX='${exec_prefix}'
PYTHON_EXTRA_LDFLAGS='-Xlinker -export-dynamic -Wl,-O1 -Wl,-Bsymbolic-functions'
PYTHON_EXTRA_LIBS='-lpthread -ldl  -lutil -lm'
PYTHON_LDFLAGS=' '
PYTHON_PLATFORM='linux2'
PYTHON_PREFIX='${prefix}'
PYTHON_SITE_PKG='/usr/lib/python2.7/dist-packages'
PYTHON_VERSION='2.7'
PYTHON_WHL_POSTFIX='-cp27-none-linux_x86_64'
PYTHON_WHL_PUREPY_POSTFIX='-py2-none-any'
RANLIB='ranlib'
SED='/usr/bin/sed'
SET_MAKE=''
SHELL='/bin/bash'
SSL_CPPFLAGS=''
SSL_LINKERFLAGS=''
STACK_PROTECTOR='-fstack-protector-strong'
STANDALONE_LIBPROCESS_FALSE=''
STANDALONE_LIBPROCESS_TRUE='#'
STANDALONE_STOUT_FALSE=''
STANDALONE_STOUT_TRUE='#'
STRIP='strip'
TEST_DRIVER='${abs_top_srcdir}/support/mesos-gtest-runner.py --sequential=*ROOT_*'
VERSION='1.11.0'
WERROR='-Werror'
WITH_BUNDLED_BOOST_FALSE='#'
WITH_BUNDLED_BOOST_TRUE=''
WITH_BUNDLED_CONCURRENTQUEUE_FALSE='#'
WITH_BUNDLED_CONCURRENTQUEUE_TRUE=''
WITH_BUNDLED_ELFIO_FALSE='#'
WITH_BUNDLED_ELFIO_TRUE=''
WITH_BUNDLED_GLOG_FALSE='#'
WITH_BUNDLED_GLOG_TRUE=''
WITH_BUNDLED_GMOCK_FALSE='#'
WITH_BUNDLED_GMOCK_TRUE=''
WITH_BUNDLED_GRPC_FALSE='#'
WITH_BUNDLED_GRPC_TRUE=''
WITH_BUNDLED_HTTP_PARSER_FALSE='#'
WITH_BUNDLED_HTTP_PARSER_TRUE=''
WITH_BUNDLED_JEMALLOC_FALSE=''
WITH_BUNDLED_JEMALLOC_TRUE='#'
WITH_BUNDLED_LEVELDB_FALSE='#'
WITH_BUNDLED_LEVELDB_TRUE=''
WITH_BUNDLED_LIBARCHIVE_FALSE='#'
WITH_BUNDLED_LIBARCHIVE_TRUE=''
WITH_BUNDLED_LIBEVENT_FALSE=''
WITH_BUNDLED_LIBEVENT_TRUE='#'
WITH_BUNDLED_LIBEV_FALSE='#'
WITH_BUNDLED_LIBEV_TRUE=''
WITH_BUNDLED_LIBPROCESS_FALSE='#'
WITH_BUNDLED_LIBPROCESS_TRUE=''
WITH_BUNDLED_LIBSECCOMP_FALSE=''
WITH_BUNDLED_LIBSECCOMP_TRUE='#'
WITH_BUNDLED_NVML_FALSE='#'
WITH_BUNDLED_NVML_TRUE=''
WITH_BUNDLED_PICOJSON_FALSE='#'
WITH_BUNDLED_PICOJSON_TRUE=''
WITH_BUNDLED_PIP_FALSE='#'
WITH_BUNDLED_PIP_TRUE=''
WITH_BUNDLED_PROTOBUF_FALSE='#'
WITH_BUNDLED_PROTOBUF_TRUE=''
WITH_BUNDLED_RAPIDJSON_FALSE='#'
WITH_BUNDLED_RAPIDJSON_TRUE=''
WITH_BUNDLED_SETUPTOOLS_FALSE='#'
WITH_BUNDLED_SETUPTOOLS_TRUE=''
WITH_BUNDLED_STOUT_FALSE='#'
WITH_BUNDLED_STOUT_TRUE=''
WITH_BUNDLED_WHEEL_FALSE='#'
WITH_BUNDLED_WHEEL_TRUE=''
WITH_BUNDLED_ZOOKEEPER_FALSE='#'
WITH_BUNDLED_ZOOKEEPER_TRUE=''
WITH_JEMALLOC=''
ZLIB_CPPFLAGS=''
ZLIB_LINKERFLAGS=''
ac_ct_AR='ar'
ac_ct_CC='gcc'
ac_ct_CXX='g++'
ac_ct_DUMPBIN=''
am__EXEEXT_FALSE=''
am__EXEEXT_TRUE='#'
am__fastdepCC_FALSE='#'
am__fastdepCC_TRUE=''
am__fastdepCXX_FALSE='#'
am__fastdepCXX_TRUE=''
am__include='include'
am__isrc=''
am__leading_dot='.'
am__nodep='_no'
am__quote=''
am__tar='tar --format=posix -chf - "$$tardir"'
am__untar='tar -xf -'
ax_pthread_config=''
bindir='${exec_prefix}/bin'
build='x86_64-pc-linux-gnu'
build_alias=''
build_cpu='x86_64'
build_os='linux-gnu'
build_vendor='pc'
datadir='${datarootdir}'
datarootdir='${prefix}/share'
docdir='${datarootdir}/doc/${PACKAGE_TARNAME}'
dvidir='${docdir}'
exec_prefix='${prefix}'
host='x86_64-pc-linux-gnu'
host_alias=''
host_cpu='x86_64'
host_os='linux-gnu'
host_vendor='pc'
htmldir='${docdir}'
includedir='${prefix}/include'
infodir='${datarootdir}/info'
install_sh='${SHELL} /home/zulf/mesos/install-sh'
libdir='${exec_prefix}/lib'
libexecdir='${exec_prefix}/libexec'
localedir='${datarootdir}/locale'
localstatedir='${prefix}/var'
mandir='${datarootdir}/man'
mkdir_p='$(MKDIR_P)'
oldincludedir='/usr/include'
pdfdir='${docdir}'
pkgpyexecdir='${pyexecdir}/mesos'
pkgpythondir='${pythondir}/mesos'
prefix='/usr/local'
program_transform_name='s,x,x,'
psdir='${docdir}'
pyexecdir='${exec_prefix}/lib/python2.7/dist-packages'
pythondir='${prefix}/lib/python2.7/dist-packages'
runstatedir='${localstatedir}/run'
sbindir='${exec_prefix}/sbin'
sharedstatedir='${prefix}/com'
sysconfdir='${prefix}/etc'
target='x86_64-pc-linux-gnu'
target_alias=''
target_cpu='x86_64'
target_os='linux-gnu'
target_vendor='pc'
tox=''

## ----------- ##
## confdefs.h. ##
## ----------- ##

/* confdefs.h */
#define PACKAGE_NAME "mesos"
#define PACKAGE_TARNAME "mesos"
#define PACKAGE_VERSION "1.11.0"
#define PACKAGE_STRING "mesos 1.11.0"
#define PACKAGE_BUGREPORT ""
#define PACKAGE_URL ""
#define PACKAGE "mesos"
#define VERSION "1.11.0"
#define STDC_HEADERS 1
#define HAVE_SYS_TYPES_H 1
#define HAVE_SYS_STAT_H 1
#define HAVE_STDLIB_H 1
#define HAVE_STRING_H 1
#define HAVE_MEMORY_H 1
#define HAVE_STRINGS_H 1
#define HAVE_INTTYPES_H 1
#define HAVE_STDINT_H 1
#define HAVE_UNISTD_H 1
#define HAVE_DLFCN_H 1
#define LT_OBJDIR ".libs/"
#define HAVE_CXX11 1
#define HAVE_PTHREAD_PRIO_INHERIT 1
#define HAVE_PTHREAD 1
#define HAVE_OPENSSL_SSL_H 1
#define HAVE_FTS_H 1
#define HAVE_APR_POOLS_H 1
#define HAVE_LIBAPR_1 1
#define HAVE_LIBCURL 1
#define MESOS_HAS_JAVA 1
#define ENABLE_NVML 1
#define HAVE_LIBSASL2 1
#define HAVE_SVN_VERSION_H 1
#define HAVE_LIBSVN_SUBR_1 1
#define HAVE_SVN_DELTA_H 1
#define HAVE_LIBSVN_DELTA_1 1
#define HAVE_ZLIB_H 1
#define HAVE_LIBZ 1
#define HAVE_PYTHON "2.7"
#define MESOS_HAS_PYTHON 1

configure: exit 0

## ---------------------- ##
## Running config.status. ##
## ---------------------- ##

This file was extended by mesos config.status 1.11.0, which was
generated by GNU Autoconf 2.69.  Invocation command line was

  CONFIG_FILES    = 
  CONFIG_HEADERS  = 
  CONFIG_LINKS    = 
  CONFIG_COMMANDS = 
  $ ./config.status src/java/mesos.pom

on pop-os

config.status:1309: creating src/java/mesos.pom
